────────────────────────────────────────────────────────────────────────────────
TOKEN USAGE LOG  2026-03-25T14:20:45.763Z
────────────────────────────────────────────────────────────────────────────────
TIMESTAMP                 COMPONENT                                 IN     OUT    COST (USD)
────────────────────────────────────────────────────────────────────────────────
2026-03-25T14:21:11.101Z  Page404                                 8924    2304  $   0.061332
2026-03-25T14:21:50.054Z  Archive                                 9269    3265  $   0.076782
2026-03-25T14:22:54.184Z  Home                                   11877    5851  $   0.123396
2026-03-25T14:23:32.236Z  Index                                   9288    3319  $   0.077649
2026-03-25T14:24:37.753Z  PageNoTitle                             8998    2388  $   0.062814
2026-03-25T14:25:06.539Z  PageWide                                9157    2411  $   0.063636
2026-03-25T14:26:40.284Z  PageWithSidebar                         9699    3751  $   0.085362
2026-03-25T14:27:08.803Z  Page                                    9055    2411  $   0.063330
2026-03-25T14:28:31.496Z  Search                                  9319    3416  $   0.079197
2026-03-25T14:29:21.497Z  SingleWithSidebar                      10205    4416  $   0.096855
2026-03-25T14:29:57.040Z  Single                                  9639    2814  $   0.071127
2026-03-25T14:31:01.228Z  Footer                                  8594    1462  $   0.047712
2026-03-25T14:31:45.372Z  Header                                  7905     851  $   0.036480
2026-03-25T14:32:32.355Z  PostMeta                                7856     759  $   0.034953
2026-03-25T14:33:35.132Z  Sidebar                                 8281    1998  $   0.054813
────────────────────────────────────────────────────────────────────────────────
                          TOTAL                                 138066   41416  $   1.035438
────────────────────────────────────────────────────────────────────────────────
