────────────────────────────────────────────────────────────────────────────────
TOKEN USAGE LOG  2026-03-25T07:58:38.042Z
────────────────────────────────────────────────────────────────────────────────
TIMESTAMP                 COMPONENT                                 IN     OUT    COST (USD)
────────────────────────────────────────────────────────────────────────────────
2026-03-25T07:59:02.912Z  Page404                                 8378    2056  $   0.055974
2026-03-25T07:59:38.743Z  Archive                                 8668    3001  $   0.071019
2026-03-25T08:00:32.554Z  Home                                   10830    5013  $   0.107685
2026-03-25T08:01:12.765Z  Index                                   8677    3558  $   0.079401
2026-03-25T08:02:10.726Z  PageNoTitle                             8456    1959  $   0.054753
2026-03-25T08:02:43.779Z  PageWide                                8583    2646  $   0.065439
2026-03-25T08:04:11.721Z  PageWithSidebar                         9074    3495  $   0.079647
2026-03-25T08:04:35.675Z  Page                                    8514    1929  $   0.054477
2026-03-25T08:05:56.510Z  Search                                  8720    3694  $   0.081570
2026-03-25T08:06:43.279Z  SingleWithSidebar                       9522    4206  $   0.091656
2026-03-25T08:07:18.861Z  Single                                  9013    3079  $   0.073224
2026-03-25T08:08:14.413Z  Footer                                  8095    1340  $   0.044385
2026-03-25T08:09:01.466Z  Header                                  7475     777  $   0.034080
2026-03-25T08:09:40.088Z  PostMeta                                7453     617  $   0.031614
2026-03-25T08:10:37.938Z  Sidebar                                 7831    1648  $   0.048213
────────────────────────────────────────────────────────────────────────────────
                          TOTAL                                 129289   39018  $   0.973137
────────────────────────────────────────────────────────────────────────────────
