────────────────────────────────────────────────────────────────────────────────
TOKEN USAGE LOG  2026-03-25T06:30:44.617Z
────────────────────────────────────────────────────────────────────────────────
COMPONENT                                 IN     OUT    COST (USD)
────────────────────────────────────────────────────────────────────────────────
2026-03-25T06:31:13.086Z  Page404                                 5973    2579  $   0.283020
2026-03-25T06:31:44.911Z  Archive                                 6263    2666  $   0.293895
2026-03-25T06:32:38.048Z  Home                                    8320    5028  $   0.501900
2026-03-25T06:33:09.397Z  Index                                   6272    2771  $   0.301905
2026-03-25T06:33:56.353Z  PageNoTitle                             6051    2621  $   0.287340
2026-03-25T06:34:24.147Z  PageWide                                6178    2194  $   0.257220
2026-03-25T06:34:56.989Z  PageWithSidebar                         6616    2808  $   0.309840
2026-03-25T06:35:36.601Z  Page                                    6109    2067  $   0.246660
2026-03-25T06:36:15.664Z  Search                                  6315    2955  $   0.316350
2026-03-25T06:37:11.094Z  SingleWithSidebar                       7064    4029  $   0.408135
2026-03-25T06:37:58.987Z  Single                                  6608    2676  $   0.299820
2026-03-25T06:38:26.694Z  Footer                                  5690    1677  $   0.211125
2026-03-25T06:38:48.100Z  Header                                  5124    1184  $   0.165660
2026-03-25T06:39:07.200Z  PostMeta                                5102     624  $   0.123330
2026-03-25T06:39:26.771Z  Sidebar                                 5427    1472  $   0.191805
────────────────────────────────────────────────────────────────────────────────
TOTAL                                  93112   37351  $   4.198005
────────────────────────────────────────────────────────────────────────────────
