────────────────────────────────────────────────────────────────────────────────
TOKEN USAGE LOG  2026-03-25T13:34:38.996Z
────────────────────────────────────────────────────────────────────────────────
TIMESTAMP                 COMPONENT                                 IN     OUT    COST (USD)
────────────────────────────────────────────────────────────────────────────────
2026-03-25T13:35:01.493Z  Page404                                 8413    2025  $   0.055614
2026-03-25T13:35:38.272Z  Archive                                 8703    3036  $   0.071649
2026-03-25T13:36:39.203Z  Home                                   10866    5791  $   0.119463
2026-03-25T13:37:16.644Z  Index                                   8712    2975  $   0.070761
2026-03-25T13:37:45.327Z  PageNoTitle                             8498    1826  $   0.052884
2026-03-25T13:39:04.153Z  PageWide                                8630    2315  $   0.060615
2026-03-25T13:39:44.164Z  PageWithSidebar                         9121    3567  $   0.080868
2026-03-25T13:40:50.761Z  Page                                    8556    2750  $   0.066918
2026-03-25T13:41:36.714Z  Search                                  8756    4021  $   0.086583
2026-03-25T13:42:57.753Z  SingleWithSidebar                       9566    4505  $   0.096273
2026-03-25T13:43:29.328Z  Single                                  9053    2664  $   0.067119
2026-03-25T13:44:12.060Z  Footer                                  8123    1251  $   0.043134
2026-03-25T13:44:56.556Z  Header                                  7503     906  $   0.036099
2026-03-25T13:45:37.488Z  PostMeta                                7481     690  $   0.032793
2026-03-25T13:46:37.329Z  Sidebar                                 7860    1746  $   0.049770
────────────────────────────────────────────────────────────────────────────────
                          TOTAL                                 129841   40068  $   0.990543
────────────────────────────────────────────────────────────────────────────────
